<?xml version="1.0" encoding="UTF-8"?>
<testng-results ignored="0" total="3" passed="3" failed="0" skipped="0">
  <reporter-output>
  </reporter-output>
  <suite started-at="2022-07-19T23:03:13 IST" name="Default suite" finished-at="2022-07-19T23:05:09 IST" duration-ms="115621">
    <groups>
      <group name="cucumber">
        <method signature="AbstractTestNGCucumberTests.runScenario(io.cucumber.testng.PickleWrapper,io.cucumber.testng.FeatureWrapper)[pri:0, instance:TestRunner.TestRunner1@6bd61f98]" name="runScenario" class="io.cucumber.testng.AbstractTestNGCucumberTests"/>
      </group> <!-- cucumber -->
    </groups>
    <test started-at="2022-07-19T23:03:13 IST" name="Default test" finished-at="2022-07-19T23:05:09 IST" duration-ms="115621">
      <class name="TestRunner.TestRunner1">
        <test-method is-config="true" signature="setUpClass(org.testng.ITestContext)[pri:0, instance:TestRunner.TestRunner1@6bd61f98]" started-at="2022-07-19T23:03:13 IST" name="setUpClass" finished-at="2022-07-19T23:03:14 IST" duration-ms="756" status="PASS">
          <params>
            <param index="0">
              <value>
                <![CDATA[org.testng.TestRunner@3b0d3a63]]>
              </value>
            </param>
          </params>
          <reporter-output>
          </reporter-output>
        </test-method> <!-- setUpClass -->
        <test-method signature="runScenario(io.cucumber.testng.PickleWrapper,io.cucumber.testng.FeatureWrapper)[pri:0, instance:TestRunner.TestRunner1@6bd61f98]" started-at="2022-07-19T23:03:14 IST" name="runScenario" description="Runs Cucumber Scenarios" data-provider="scenarios" finished-at="2022-07-19T23:03:55 IST" duration-ms="41311" status="PASS">
          <params>
            <param index="0">
              <value>
                <![CDATA["Checking the functionality for valid data."]]>
              </value>
            </param>
            <param index="1">
              <value>
                <![CDATA["To verifying the login functionality."]]>
              </value>
            </param>
          </params>
          <reporter-output>
          </reporter-output>
        </test-method> <!-- runScenario -->
        <test-method signature="runScenario(io.cucumber.testng.PickleWrapper,io.cucumber.testng.FeatureWrapper)[pri:0, instance:TestRunner.TestRunner1@6bd61f98]" started-at="2022-07-19T23:03:55 IST" name="runScenario" description="Runs Cucumber Scenarios" data-provider="scenarios" finished-at="2022-07-19T23:04:33 IST" duration-ms="37214" status="PASS">
          <params>
            <param index="0">
              <value>
                <![CDATA["Checking the functionality for valid data."]]>
              </value>
            </param>
            <param index="1">
              <value>
                <![CDATA["To verifying the login functionality."]]>
              </value>
            </param>
          </params>
          <reporter-output>
          </reporter-output>
        </test-method> <!-- runScenario -->
        <test-method signature="runScenario(io.cucumber.testng.PickleWrapper,io.cucumber.testng.FeatureWrapper)[pri:0, instance:TestRunner.TestRunner1@6bd61f98]" started-at="2022-07-19T23:04:33 IST" name="runScenario" description="Runs Cucumber Scenarios" data-provider="scenarios" finished-at="2022-07-19T23:05:09 IST" duration-ms="36082" status="PASS">
          <params>
            <param index="0">
              <value>
                <![CDATA["Checking abouts is clickable."]]>
              </value>
            </param>
            <param index="1">
              <value>
                <![CDATA["To verifying the login functionality."]]>
              </value>
            </param>
          </params>
          <reporter-output>
          </reporter-output>
        </test-method> <!-- runScenario -->
        <test-method is-config="true" signature="tearDownClass()[pri:0, instance:TestRunner.TestRunner1@6bd61f98]" started-at="2022-07-19T23:05:09 IST" name="tearDownClass" finished-at="2022-07-19T23:05:09 IST" duration-ms="171" status="PASS">
          <reporter-output>
          </reporter-output>
        </test-method> <!-- tearDownClass -->
      </class> <!-- TestRunner.TestRunner1 -->
    </test> <!-- Default test -->
  </suite> <!-- Default suite -->
</testng-results>
